<?xml version="1.0" encoding="UTF-8"?>
<testng-results skipped="0" failed="0" total="1" passed="1">
  <reporter-output>
  </reporter-output>
  <suite name="Default suite" duration-ms="10792" started-at="2014-09-22T13:32:18Z" finished-at="2014-09-22T13:32:28Z">
    <groups>
    </groups>
    <test name="Default test" duration-ms="10792" started-at="2014-09-22T13:32:18Z" finished-at="2014-09-22T13:32:28Z">
      <class name="com.ubique.test.LoginGmail">
        <test-method status="PASS" signature="setUp()[pri:0, instance:com.ubique.test.LoginGmail@5e536b73]" name="setUp" is-config="true" duration-ms="5964" started-at="2014-09-22T19:02:18Z" finished-at="2014-09-22T19:02:24Z">
          <reporter-output>
          </reporter-output>
        </test-method> <!-- setUp -->
        <test-method status="PASS" signature="loginGoogleMail()[pri:0, instance:com.ubique.test.LoginGmail@5e536b73]" name="loginGoogleMail" duration-ms="2365" started-at="2014-09-22T19:02:24Z" finished-at="2014-09-22T19:02:26Z">
          <reporter-output>
          </reporter-output>
        </test-method> <!-- loginGoogleMail -->
        <test-method status="PASS" signature="tearDown()[pri:0, instance:com.ubique.test.LoginGmail@5e536b73]" name="tearDown" is-config="true" duration-ms="2452" started-at="2014-09-22T19:02:26Z" finished-at="2014-09-22T19:02:28Z">
          <reporter-output>
          </reporter-output>
        </test-method> <!-- tearDown -->
      </class> <!-- com.ubique.test.LoginGmail -->
    </test> <!-- Default test -->
  </suite> <!-- Default suite -->
</testng-results>
